  main.cpp
F:\UNI\lab-i-final-lab-mooki46\CUDA\ClothSim\main.cpp(193,40): warning C4267: 'argument': conversion from 'size_t' to 'GLsizei', possible loss of data
F:\UNI\lab-i-final-lab-mooki46\CUDA\ClothSim\main.cpp(276,105): warning C4267: 'argument': conversion from 'size_t' to 'int', possible loss of data
F:\UNI\lab-i-final-lab-mooki46\CUDA\ClothSim\main.cpp(276,81): warning C4267: 'argument': conversion from 'size_t' to 'int', possible loss of data
F:\UNI\lab-i-final-lab-mooki46\CUDA\ClothSim\main.cpp(278,83): warning C4267: 'argument': conversion from 'size_t' to 'int', possible loss of data
F:\UNI\lab-i-final-lab-mooki46\CUDA\ClothSim\main.cpp(280,87): warning C4267: 'argument': conversion from 'size_t' to 'int', possible loss of data
F:\UNI\lab-i-final-lab-mooki46\CUDA\ClothSim\main.cpp(280,63): warning C4267: 'argument': conversion from 'size_t' to 'int', possible loss of data
     Creating library F:\UNI\lab-i-final-lab-mooki46\CUDA\ClothSim\x64\Release\ClothSim.lib and object F:\UNI\lab-i-final-lab-mooki46\CUDA\ClothSim\x64\Release\ClothSim.exp
LINK : warning LNK4098: defaultlib 'LIBCMT' conflicts with use of other libs; use /NODEFAULTLIB:library
LINK : warning LNK4098: defaultlib 'MSVCRTD' conflicts with use of other libs; use /NODEFAULTLIB:library
  Generating code
  5 of 739 functions ( 0.7%) were compiled, the rest were copied from previous compilation.
    0 functions were new in current compilation
    1 functions had inline decision re-evaluated but remain unchanged
  Finished generating code
glfw3.lib(context.obj) : warning LNK4099: PDB '' was not found with 'glfw3.lib(context.obj)' or at ''; linking object as if no debug info
glfw3.lib(window.obj) : warning LNK4099: PDB '' was not found with 'glfw3.lib(window.obj)' or at ''; linking object as if no debug info
glfw3.lib(init.obj) : warning LNK4099: PDB '' was not found with 'glfw3.lib(init.obj)' or at ''; linking object as if no debug info
glfw3.lib(input.obj) : warning LNK4099: PDB '' was not found with 'glfw3.lib(input.obj)' or at ''; linking object as if no debug info
glfw3.lib(win32_thread.obj) : warning LNK4099: PDB '' was not found with 'glfw3.lib(win32_thread.obj)' or at ''; linking object as if no debug info
glfw3.lib(win32_window.obj) : warning LNK4099: PDB '' was not found with 'glfw3.lib(win32_window.obj)' or at ''; linking object as if no debug info
glfw3.lib(win32_init.obj) : warning LNK4099: PDB '' was not found with 'glfw3.lib(win32_init.obj)' or at ''; linking object as if no debug info
glfw3.lib(win32_monitor.obj) : warning LNK4099: PDB '' was not found with 'glfw3.lib(win32_monitor.obj)' or at ''; linking object as if no debug info
glfw3.lib(win32_time.obj) : warning LNK4099: PDB '' was not found with 'glfw3.lib(win32_time.obj)' or at ''; linking object as if no debug info
glfw3.lib(monitor.obj) : warning LNK4099: PDB '' was not found with 'glfw3.lib(monitor.obj)' or at ''; linking object as if no debug info
glfw3.lib(vulkan.obj) : warning LNK4099: PDB '' was not found with 'glfw3.lib(vulkan.obj)' or at ''; linking object as if no debug info
glfw3.lib(win32_joystick.obj) : warning LNK4099: PDB '' was not found with 'glfw3.lib(win32_joystick.obj)' or at ''; linking object as if no debug info
glfw3.lib(wgl_context.obj) : warning LNK4099: PDB '' was not found with 'glfw3.lib(wgl_context.obj)' or at ''; linking object as if no debug info
glfw3.lib(egl_context.obj) : warning LNK4099: PDB '' was not found with 'glfw3.lib(egl_context.obj)' or at ''; linking object as if no debug info
glfw3.lib(osmesa_context.obj) : warning LNK4099: PDB '' was not found with 'glfw3.lib(osmesa_context.obj)' or at ''; linking object as if no debug info
  ClothSim.vcxproj -> F:\UNI\lab-i-final-lab-mooki46\CUDA\ClothSim\x64\Release\ClothSim.exe
